[2023-02-16 15:41:32,415] multiqc                                            [DEBUG  ]  This is MultiQC v1.13 (344d32b)
[2023-02-16 15:41:32,415] multiqc                                            [DEBUG  ]  Command used: /opt/homebrew/bin/multiqc .
[2023-02-16 15:41:33,081] multiqc                                            [WARNING]  MultiQC Version v1.14 now available!
[2023-02-16 15:41:33,082] multiqc                                            [DEBUG  ]  Working dir : /Users/simongrimm/Documents/mit/stats/tracer_analyses/output/fastqc
[2023-02-16 15:41:33,082] multiqc                                            [DEBUG  ]  Template    : default
[2023-02-16 15:41:33,082] multiqc                                            [DEBUG  ]  Running Python 3.10.8 (main, Oct 13 2022, 09:48:40) [Clang 14.0.0 (clang-1400.0.29.102)]
[2023-02-16 15:41:33,082] multiqc                                            [DEBUG  ]  Analysing modules: custom_content, ccs, ngsderive, purple, conpair, lima, peddy, somalier, methylQA, mosdepth, phantompeakqualtools, qualimap, preseq, quast, qorts, rna_seqc, rockhopper, rsem, rseqc, busco, bustools, goleft_indexcov, gffcompare, disambiguate, supernova, deeptools, sargasso, verifybamid, mirtrace, happy, mirtop, sambamba, homer, hops, macs2, theta2, snpeff, gatk, htseq, bcftools, featureCounts, fgbio, dragen, dedup, pbmarkdup, damageprofiler, biobambam2, jcvi, mtnucratio, picard, vep, sentieon, prokka, qc3C, nanostat, samblaster, samtools, sexdeterrmine, eigenstratdatabasetools, bamtools, jellyfish, vcftools, longranger, stacks, varscan2, snippy, bbmap, bismark, biscuit, hicexplorer, hicup, hicpro, salmon, kallisto, slamdunk, star, hisat2, tophat, bowtie2, bowtie1, snpsplit, odgi, pangolin, kat, leehom, adapterRemoval, clipandmerge, cutadapt, flexbar, kaiju, kraken, malt, trimmomatic, sickle, skewer, sortmerna, biobloomtools, fastq_screen, afterqc, fastp, fastqc, pychopper, pycoqc, minionqc, multivcfanalyzer, clusterflow, checkqc, bcl2fastq, bclconvert, interop, ivar, flash, seqyclean, optitype, whatshap
[2023-02-16 15:41:33,082] multiqc                                            [DEBUG  ]  Using temporary directory for creating report: /var/folders/gm/txqg8t5d57z34sqfjcvpcjj00000gn/T/tmp3tk2f6qz
[2023-02-16 15:41:33,173] multiqc                                            [INFO   ]  Search path : /Users/simongrimm/Documents/mit/stats/tracer_analyses/output/fastqc
[2023-02-16 15:41:35,467] multiqc                                            [DEBUG  ]  Summary of files that were skipped by the search: [skipped_module_specific_max_filesize: 606] // [skipped_no_match: 102]
[2023-02-16 15:41:35,865] multiqc.plots.bargraph                             [DEBUG  ]  Using matplotlib version 3.6.2
[2023-02-16 15:41:35,865] multiqc.plots.linegraph                            [DEBUG  ]  Using matplotlib version 3.6.2
[2023-02-16 15:41:35,866] multiqc                                            [DEBUG  ]  No samples found: custom_content
[2023-02-16 15:41:35,959] multiqc.modules.fastqc.fastqc                      [INFO   ]  Found 101 reports
[2023-02-16 15:41:39,605] multiqc                                            [INFO   ]  Compressing plot data
[2023-02-16 15:41:39,622] multiqc                                            [INFO   ]  Report      : multiqc_report.html
[2023-02-16 15:41:39,622] multiqc                                            [INFO   ]  Data        : multiqc_data
[2023-02-16 15:41:39,622] multiqc                                            [DEBUG  ]  Moving data file from '/var/folders/gm/txqg8t5d57z34sqfjcvpcjj00000gn/T/tmp3tk2f6qz/multiqc_data' to '/Users/simongrimm/Documents/mit/stats/tracer_analyses/output/fastqc/multiqc_data'
[2023-02-16 15:41:39,674] multiqc                                            [INFO   ]  MultiQC complete
[2023-02-16 15:41:39,675] multiqc                                            [WARNING]  8 flat-image plots used in the report due to large sample numbers
